<?xml version="1.0" encoding="UTF-8"?>
<!-- Generated by org.testng.reporters.JUnitReportReporter -->
<testsuite hostname="USBLRASHWANIK83" failures="0" tests="1" name="runner.MyRunner" time="0.244" errors="0" timestamp="2024-09-24T18:09:09 IST" skipped="0">
  <testcase classname="runner.MyRunner" name="runScenario" time="0.244"/>
</testsuite> <!-- runner.MyRunner -->
